[debug] [2025-07-29T15:17:03.794Z] ----------------------------------------------------------------------
[debug] [2025-07-29T15:17:03.797Z] Command:       C:\nvm4w\nodejs\node.exe C:\nvm4w\nodejs\node_modules\firebase-tools\lib\bin\firebase.js init
[debug] [2025-07-29T15:17:03.797Z] CLI Version:   14.11.1
[debug] [2025-07-29T15:17:03.797Z] Platform:      win32
[debug] [2025-07-29T15:17:03.797Z] Node Version:  v20.19.2
[debug] [2025-07-29T15:17:03.798Z] Time:          Tue Jul 29 2025 11:17:03 GMT-0400 (Eastern Daylight Time)
[debug] [2025-07-29T15:17:03.798Z] ----------------------------------------------------------------------
[debug] 
[debug] [2025-07-29T15:17:03.800Z] >>> [apiv2][query] GET https://firebase-public.firebaseio.com/cli.json [none]
[debug] [2025-07-29T15:17:04.013Z] > command requires scopes: ["email","openid","https://www.googleapis.com/auth/cloudplatformprojects.readonly","https://www.googleapis.com/auth/firebase","https://www.googleapis.com/auth/cloud-platform"]
[debug] [2025-07-29T15:17:04.013Z] > authorizing via signed-in user (evonifoster@gmail.com)
[info] 
     ######## #### ########  ######## ########     ###     ######  ########
     ##        ##  ##     ## ##       ##     ##  ##   ##  ##       ##
     ######    ##  ########  ######   ########  #########  ######  ######
     ##        ##  ##    ##  ##       ##     ## ##     ##       ## ##
     ##       #### ##     ## ######## ########  ##     ##  ######  ########

You're about to initialize a Firebase project in this directory:

  C:\Users\12483\Desktop\styling-adventures-admin

Before we get started, keep in mind:

  * You are initializing within an existing Firebase project directory

[debug] [2025-07-29T15:17:04.163Z] <<< [apiv2][status] GET https://firebase-public.firebaseio.com/cli.json 200
[debug] [2025-07-29T15:17:04.164Z] <<< [apiv2][body] GET https://firebase-public.firebaseio.com/cli.json {"cloudBuildErrorAfter":1594252800000,"cloudBuildWarnAfter":1590019200000,"defaultNode10After":1594252800000,"minVersion":"3.0.5","node8DeploysDisabledAfter":1613390400000,"node8RuntimeDisabledAfter":1615809600000,"node8WarnAfter":1600128000000}
